<?xml version="1.0" encoding="UTF-8"?>
<coverage generated="1724803519643" clover="3.2.0">
  <project timestamp="1724803519643" name="All files">
    <metrics statements="68" coveredstatements="62" conditionals="58" coveredconditionals="52" methods="22" coveredmethods="20" elements="148" coveredelements="134" complexity="0" loc="68" ncloc="68" packages="2" files="2" classes="2"/>
    <package name="src">
      <metrics statements="45" coveredstatements="41" conditionals="39" coveredconditionals="39" methods="18" coveredmethods="16"/>
      <file name="App.tsx" path="/home/jenkler/Desktop/FrontendMentor JS and TS/tip-calc-ts/src/App.tsx">
        <metrics statements="45" coveredstatements="41" conditionals="39" coveredconditionals="39" methods="18" coveredmethods="16"/>
        <line num="1" count="1" type="stmt"/>
        <line num="2" count="1" type="stmt"/>
        <line num="3" count="1" type="stmt"/>
        <line num="4" count="1" type="stmt"/>
        <line num="5" count="1" type="stmt"/>
        <line num="8" count="29" type="stmt"/>
        <line num="9" count="29" type="stmt"/>
        <line num="10" count="29" type="stmt"/>
        <line num="12" count="29" type="stmt"/>
        <line num="14" count="29" type="stmt"/>
        <line num="15" count="16" type="cond" truecount="1" falsecount="0"/>
        <line num="16" count="16" type="stmt"/>
        <line num="20" count="29" type="stmt"/>
        <line num="21" count="6" type="stmt"/>
        <line num="22" count="6" type="stmt"/>
        <line num="23" count="6" type="cond" truecount="3" falsecount="0"/>
        <line num="24" count="4" type="stmt"/>
        <line num="28" count="145" type="stmt"/>
        <line num="29" count="5" type="stmt"/>
        <line num="32" count="29" type="stmt"/>
        <line num="33" count="2" type="stmt"/>
        <line num="34" count="2" type="stmt"/>
        <line num="35" count="2" type="cond" truecount="1" falsecount="0"/>
        <line num="36" count="2" type="stmt"/>
        <line num="40" count="29" type="stmt"/>
        <line num="41" count="2" type="stmt"/>
        <line num="42" count="2" type="stmt"/>
        <line num="43" count="2" type="cond" truecount="1" falsecount="0"/>
        <line num="44" count="2" type="stmt"/>
        <line num="48" count="29" type="stmt"/>
        <line num="49" count="0" type="stmt"/>
        <line num="50" count="0" type="stmt"/>
        <line num="51" count="0" type="stmt"/>
        <line num="54" count="29" type="stmt"/>
        <line num="57" count="0" type="stmt"/>
        <line num="65" count="58" type="cond" truecount="2" falsecount="0"/>
        <line num="81" count="58" type="cond" truecount="2" falsecount="0"/>
        <line num="82" count="58" type="cond" truecount="2" falsecount="0"/>
        <line num="83" count="58" type="cond" truecount="2" falsecount="0"/>
        <line num="84" count="58" type="cond" truecount="2" falsecount="0"/>
        <line num="85" count="58" type="cond" truecount="2" falsecount="0"/>
        <line num="87" count="58" type="cond" truecount="2" falsecount="0"/>
        <line num="100" count="58" type="cond" truecount="2" falsecount="0"/>
        <line num="138" count="58" type="cond" truecount="10" falsecount="0"/>
        <line num="145" count="1" type="stmt"/>
      </file>
    </package>
    <package name="src.hooks">
      <metrics statements="23" coveredstatements="21" conditionals="19" coveredconditionals="13" methods="4" coveredmethods="4"/>
      <file name="useKeyboardNavigation.ts" path="/home/jenkler/Desktop/FrontendMentor JS and TS/tip-calc-ts/src/hooks/useKeyboardNavigation.ts">
        <metrics statements="23" coveredstatements="21" conditionals="19" coveredconditionals="13" methods="4" coveredmethods="4"/>
        <line num="1" count="1" type="stmt"/>
        <line num="5" count="1" type="stmt"/>
        <line num="6" count="29" type="stmt"/>
        <line num="8" count="29" type="stmt"/>
        <line num="9" count="16" type="stmt"/>
        <line num="10" count="7" type="stmt"/>
        <line num="12" count="7" type="cond" truecount="5" falsecount="0"/>
        <line num="13" count="7" type="stmt"/>
        <line num="15" count="7" type="stmt"/>
        <line num="16" count="7" type="stmt"/>
        <line num="18" count="7" type="cond" truecount="0" falsecount="1"/>
        <line num="22" count="7" type="cond" truecount="3" falsecount="1"/>
        <line num="23" count="0" type="cond" truecount="0" falsecount="2"/>
        <line num="24" count="7" type="cond" truecount="3" falsecount="1"/>
        <line num="25" count="7" type="cond" truecount="1" falsecount="1"/>
        <line num="27" count="0" type="stmt"/>
        <line num="30" count="7" type="stmt"/>
        <line num="32" count="7" type="cond" truecount="1" falsecount="0"/>
        <line num="33" count="7" type="stmt"/>
        <line num="38" count="16" type="stmt"/>
        <line num="40" count="16" type="stmt"/>
        <line num="41" count="16" type="stmt"/>
        <line num="45" count="29" type="stmt"/>
      </file>
    </package>
  </project>
</coverage>
