{"/home/jenkler/Desktop/FrontendMentor JS and TS/tip-calc-ts/src/App.tsx": {"path":"/home/jenkler/Desktop/FrontendMentor JS and TS/tip-calc-ts/src/App.tsx","statementMap":{"0":{"start":{"line":1,"column":0},"end":{"line":1,"column":57}},"1":{"start":{"line":2,"column":0},"end":{"line":2,"column":55}},"2":{"start":{"line":3,"column":0},"end":{"line":3,"column":70}},"3":{"start":{"line":4,"column":0},"end":{"line":4,"column":57}},"4":{"start":{"line":5,"column":0},"end":{"line":5,"column":55}},"5":{"start":{"line":8,"column":36},"end":{"line":8,"column":56}},"6":{"start":{"line":9,"column":26},"end":{"line":9,"column":46}},"7":{"start":{"line":10,"column":30},"end":{"line":10,"column":50}},"8":{"start":{"line":12,"column":22},"end":{"line":12,"column":45}},"9":{"start":{"line":14,"column":2},"end":{"line":18,"column":9}},"10":{"start":{"line":15,"column":4},"end":{"line":17,"column":5}},"11":{"start":{"line":16,"column":6},"end":{"line":16,"column":37}},"12":{"start":{"line":20,"column":22},"end":{"line":26,"column":3}},"13":{"start":{"line":21,"column":18},"end":{"line":21,"column":36}},"14":{"start":{"line":22,"column":24},"end":{"line":22,"column":37}},"15":{"start":{"line":23,"column":4},"end":{"line":25,"column":5}},"16":{"start":{"line":24,"column":6},"end":{"line":24,"column":26}},"17":{"start":{"line":28,"column":21},"end":{"line":30,"column":3}},"18":{"start":{"line":28,"column":38},"end":{"line":30,"column":3}},"19":{"start":{"line":29,"column":4},"end":{"line":29,"column":17}},"20":{"start":{"line":32,"column":20},"end":{"line":38,"column":3}},"21":{"start":{"line":33,"column":18},"end":{"line":33,"column":36}},"22":{"start":{"line":34,"column":24},"end":{"line":34,"column":37}},"23":{"start":{"line":35,"column":4},"end":{"line":37,"column":5}},"24":{"start":{"line":36,"column":6},"end":{"line":36,"column":21}},"25":{"start":{"line":40,"column":28},"end":{"line":46,"column":3}},"26":{"start":{"line":41,"column":18},"end":{"line":41,"column":36}},"27":{"start":{"line":42,"column":24},"end":{"line":42,"column":37}},"28":{"start":{"line":43,"column":4},"end":{"line":45,"column":5}},"29":{"start":{"line":44,"column":6},"end":{"line":44,"column":23}},"30":{"start":{"line":48,"column":22},"end":{"line":52,"column":3}},"31":{"start":{"line":49,"column":4},"end":{"line":49,"column":21}},"32":{"start":{"line":50,"column":4},"end":{"line":50,"column":18}},"33":{"start":{"line":51,"column":4},"end":{"line":51,"column":16}},"34":{"start":{"line":54,"column":23},"end":{"line":56,"column":3}},"35":{"start":{"line":55,"column":4},"end":{"line":55,"column":27}},"36":{"start":{"line":58,"column":2},"end":{"line":146,"column":4}},"37":{"start":{"line":69,"column":29},"end":{"line":69,"column":64}},"38":{"start":{"line":85,"column":51},"end":{"line":85,"column":86}},"39":{"start":{"line":86,"column":52},"end":{"line":86,"column":87}},"40":{"start":{"line":87,"column":52},"end":{"line":87,"column":87}},"41":{"start":{"line":88,"column":52},"end":{"line":88,"column":87}},"42":{"start":{"line":89,"column":52},"end":{"line":89,"column":87}},"43":{"start":{"line":91,"column":31},"end":{"line":91,"column":66}},"44":{"start":{"line":104,"column":29},"end":{"line":104,"column":64}},"45":{"start":{"line":142,"column":31},"end":{"line":142,"column":66}},"46":{"start":{"line":149,"column":0},"end":{"line":149,"column":19}}},"fnMap":{"0":{"name":"App","decl":{"start":{"line":7,"column":9},"end":{"line":7,"column":12}},"loc":{"start":{"line":7,"column":12},"end":{"line":147,"column":1}}},"1":{"name":"(anonymous_2)","decl":{"start":{"line":14,"column":12},"end":{"line":14,"column":15}},"loc":{"start":{"line":14,"column":17},"end":{"line":18,"column":3}}},"2":{"name":"(anonymous_3)","decl":{"start":{"line":20,"column":22},"end":{"line":20,"column":23}},"loc":{"start":{"line":20,"column":63},"end":{"line":26,"column":3}}},"3":{"name":"(anonymous_4)","decl":{"start":{"line":28,"column":21},"end":{"line":28,"column":22}},"loc":{"start":{"line":28,"column":38},"end":{"line":30,"column":3}}},"4":{"name":"(anonymous_5)","decl":{"start":{"line":28,"column":38},"end":{"line":28,"column":41}},"loc":{"start":{"line":28,"column":43},"end":{"line":30,"column":3}}},"5":{"name":"(anonymous_6)","decl":{"start":{"line":32,"column":20},"end":{"line":32,"column":21}},"loc":{"start":{"line":32,"column":61},"end":{"line":38,"column":3}}},"6":{"name":"(anonymous_7)","decl":{"start":{"line":40,"column":28},"end":{"line":40,"column":29}},"loc":{"start":{"line":40,"column":69},"end":{"line":46,"column":3}}},"7":{"name":"(anonymous_8)","decl":{"start":{"line":48,"column":22},"end":{"line":48,"column":25}},"loc":{"start":{"line":48,"column":27},"end":{"line":52,"column":3}}},"8":{"name":"(anonymous_9)","decl":{"start":{"line":54,"column":23},"end":{"line":54,"column":24}},"loc":{"start":{"line":54,"column":67},"end":{"line":56,"column":3}}},"9":{"name":"(anonymous_10)","decl":{"start":{"line":69,"column":21},"end":{"line":69,"column":22}},"loc":{"start":{"line":69,"column":29},"end":{"line":69,"column":64}}},"10":{"name":"(anonymous_11)","decl":{"start":{"line":85,"column":43},"end":{"line":85,"column":44}},"loc":{"start":{"line":85,"column":51},"end":{"line":85,"column":86}}},"11":{"name":"(anonymous_12)","decl":{"start":{"line":86,"column":44},"end":{"line":86,"column":45}},"loc":{"start":{"line":86,"column":52},"end":{"line":86,"column":87}}},"12":{"name":"(anonymous_13)","decl":{"start":{"line":87,"column":44},"end":{"line":87,"column":45}},"loc":{"start":{"line":87,"column":52},"end":{"line":87,"column":87}}},"13":{"name":"(anonymous_14)","decl":{"start":{"line":88,"column":44},"end":{"line":88,"column":45}},"loc":{"start":{"line":88,"column":52},"end":{"line":88,"column":87}}},"14":{"name":"(anonymous_15)","decl":{"start":{"line":89,"column":44},"end":{"line":89,"column":45}},"loc":{"start":{"line":89,"column":52},"end":{"line":89,"column":87}}},"15":{"name":"(anonymous_16)","decl":{"start":{"line":91,"column":23},"end":{"line":91,"column":24}},"loc":{"start":{"line":91,"column":31},"end":{"line":91,"column":66}}},"16":{"name":"(anonymous_17)","decl":{"start":{"line":104,"column":21},"end":{"line":104,"column":22}},"loc":{"start":{"line":104,"column":29},"end":{"line":104,"column":64}}},"17":{"name":"(anonymous_18)","decl":{"start":{"line":142,"column":23},"end":{"line":142,"column":24}},"loc":{"start":{"line":142,"column":31},"end":{"line":142,"column":66}}}},"branchMap":{"0":{"loc":{"start":{"line":15,"column":4},"end":{"line":17,"column":5}},"type":"if","locations":[{"start":{"line":15,"column":4},"end":{"line":17,"column":5}}]},"1":{"loc":{"start":{"line":23,"column":4},"end":{"line":25,"column":5}},"type":"if","locations":[{"start":{"line":23,"column":4},"end":{"line":25,"column":5}}]},"2":{"loc":{"start":{"line":23,"column":8},"end":{"line":23,"column":55}},"type":"binary-expr","locations":[{"start":{"line":23,"column":8},"end":{"line":23,"column":27}},{"start":{"line":23,"column":31},"end":{"line":23,"column":55}}]},"3":{"loc":{"start":{"line":35,"column":4},"end":{"line":37,"column":5}},"type":"if","locations":[{"start":{"line":35,"column":4},"end":{"line":37,"column":5}}]},"4":{"loc":{"start":{"line":43,"column":4},"end":{"line":45,"column":5}},"type":"if","locations":[{"start":{"line":43,"column":4},"end":{"line":45,"column":5}}]},"5":{"loc":{"start":{"line":69,"column":29},"end":{"line":69,"column":64}},"type":"binary-expr","locations":[{"start":{"line":69,"column":29},"end":{"line":69,"column":31}},{"start":{"line":69,"column":36},"end":{"line":69,"column":63}}]},"6":{"loc":{"start":{"line":85,"column":51},"end":{"line":85,"column":86}},"type":"binary-expr","locations":[{"start":{"line":85,"column":51},"end":{"line":85,"column":53}},{"start":{"line":85,"column":58},"end":{"line":85,"column":85}}]},"7":{"loc":{"start":{"line":86,"column":52},"end":{"line":86,"column":87}},"type":"binary-expr","locations":[{"start":{"line":86,"column":52},"end":{"line":86,"column":54}},{"start":{"line":86,"column":59},"end":{"line":86,"column":86}}]},"8":{"loc":{"start":{"line":87,"column":52},"end":{"line":87,"column":87}},"type":"binary-expr","locations":[{"start":{"line":87,"column":52},"end":{"line":87,"column":54}},{"start":{"line":87,"column":59},"end":{"line":87,"column":86}}]},"9":{"loc":{"start":{"line":88,"column":52},"end":{"line":88,"column":87}},"type":"binary-expr","locations":[{"start":{"line":88,"column":52},"end":{"line":88,"column":54}},{"start":{"line":88,"column":59},"end":{"line":88,"column":86}}]},"10":{"loc":{"start":{"line":89,"column":52},"end":{"line":89,"column":87}},"type":"binary-expr","locations":[{"start":{"line":89,"column":52},"end":{"line":89,"column":54}},{"start":{"line":89,"column":59},"end":{"line":89,"column":86}}]},"11":{"loc":{"start":{"line":91,"column":31},"end":{"line":91,"column":66}},"type":"binary-expr","locations":[{"start":{"line":91,"column":31},"end":{"line":91,"column":33}},{"start":{"line":91,"column":38},"end":{"line":91,"column":65}}]},"12":{"loc":{"start":{"line":104,"column":29},"end":{"line":104,"column":64}},"type":"binary-expr","locations":[{"start":{"line":104,"column":29},"end":{"line":104,"column":31}},{"start":{"line":104,"column":36},"end":{"line":104,"column":63}}]},"13":{"loc":{"start":{"line":125,"column":17},"end":{"line":125,"column":120}},"type":"cond-expr","locations":[{"start":{"line":125,"column":33},"end":{"line":125,"column":116}},{"start":{"line":125,"column":119},"end":{"line":125,"column":120}}]},"14":{"loc":{"start":{"line":137,"column":16},"end":{"line":137,"column":184}},"type":"cond-expr","locations":[{"start":{"line":137,"column":75},"end":{"line":137,"column":180}},{"start":{"line":137,"column":183},"end":{"line":137,"column":184}}]},"15":{"loc":{"start":{"line":137,"column":16},"end":{"line":137,"column":72}},"type":"binary-expr","locations":[{"start":{"line":137,"column":16},"end":{"line":137,"column":22}},{"start":{"line":137,"column":26},"end":{"line":137,"column":48}},{"start":{"line":137,"column":52},"end":{"line":137,"column":72}}]},"16":{"loc":{"start":{"line":142,"column":31},"end":{"line":142,"column":66}},"type":"binary-expr","locations":[{"start":{"line":142,"column":31},"end":{"line":142,"column":33}},{"start":{"line":142,"column":38},"end":{"line":142,"column":65}}]},"17":{"loc":{"start":{"line":142,"column":72},"end":{"line":142,"column":120}},"type":"cond-expr","locations":[{"start":{"line":142,"column":105},"end":{"line":142,"column":115}},{"start":{"line":142,"column":118},"end":{"line":142,"column":120}}]},"18":{"loc":{"start":{"line":142,"column":72},"end":{"line":142,"column":102}},"type":"binary-expr","locations":[{"start":{"line":142,"column":72},"end":{"line":142,"column":82}},{"start":{"line":142,"column":86},"end":{"line":142,"column":91}},{"start":{"line":142,"column":95},"end":{"line":142,"column":102}}]},"19":{"loc":{"start":{"line":142,"column":132},"end":{"line":142,"column":162}},"type":"binary-expr","locations":[{"start":{"line":142,"column":132},"end":{"line":142,"column":142}},{"start":{"line":142,"column":146},"end":{"line":142,"column":151}},{"start":{"line":142,"column":155},"end":{"line":142,"column":162}}]}},"s":{"0":1,"1":1,"2":1,"3":1,"4":1,"5":26,"6":26,"7":26,"8":26,"9":26,"10":13,"11":13,"12":26,"13":6,"14":6,"15":6,"16":4,"17":26,"18":130,"19":5,"20":26,"21":2,"22":2,"23":2,"24":2,"25":26,"26":2,"27":2,"28":2,"29":2,"30":26,"31":0,"32":0,"33":0,"34":26,"35":0,"36":26,"37":52,"38":52,"39":52,"40":52,"41":52,"42":52,"43":52,"44":52,"45":52,"46":1},"f":{"0":26,"1":13,"2":6,"3":130,"4":5,"5":2,"6":2,"7":0,"8":0,"9":52,"10":52,"11":52,"12":52,"13":52,"14":52,"15":52,"16":52,"17":52},"b":{"0":[13],"1":[4],"2":[6,4],"3":[2],"4":[2],"5":[52,26],"6":[52,26],"7":[52,26],"8":[52,26],"9":[52,26],"10":[52,26],"11":[52,26],"12":[52,26],"13":[2,24],"14":[2,24],"15":[26,2,2],"16":[52,26],"17":[13,13],"18":[26,20,14],"19":[26,20,14]}}
,"/home/jenkler/Desktop/FrontendMentor JS and TS/tip-calc-ts/src/hooks/useKeyboardNavigation.ts": {"path":"/home/jenkler/Desktop/FrontendMentor JS and TS/tip-calc-ts/src/hooks/useKeyboardNavigation.ts","statementMap":{"0":{"start":{"line":5,"column":0},"end":{"line":5,"column":16}},"1":{"start":{"line":1,"column":0},"end":{"line":1,"column":42}},"2":{"start":{"line":6,"column":22},"end":{"line":6,"column":52}},"3":{"start":{"line":8,"column":2},"end":{"line":43,"column":9}},"4":{"start":{"line":9,"column":26},"end":{"line":36,"column":5}},"5":{"start":{"line":10,"column":22},"end":{"line":10,"column":27}},"6":{"start":{"line":12,"column":6},"end":{"line":35,"column":7}},"7":{"start":{"line":13,"column":8},"end":{"line":13,"column":31}},"8":{"start":{"line":15,"column":31},"end":{"line":15,"column":68}},"9":{"start":{"line":16,"column":22},"end":{"line":16,"column":85}},"10":{"start":{"line":18,"column":8},"end":{"line":18,"column":33}},"11":{"start":{"line":18,"column":26},"end":{"line":18,"column":33}},"12":{"start":{"line":22,"column":8},"end":{"line":28,"column":9}},"13":{"start":{"line":23,"column":10},"end":{"line":23,"column":76}},"14":{"start":{"line":24,"column":15},"end":{"line":28,"column":9}},"15":{"start":{"line":25,"column":10},"end":{"line":25,"column":76}},"16":{"start":{"line":27,"column":10},"end":{"line":27,"column":17}},"17":{"start":{"line":30,"column":27},"end":{"line":30,"column":56}},"18":{"start":{"line":32,"column":8},"end":{"line":34,"column":9}},"19":{"start":{"line":33,"column":10},"end":{"line":33,"column":29}},"20":{"start":{"line":38,"column":4},"end":{"line":38,"column":54}},"21":{"start":{"line":40,"column":4},"end":{"line":42,"column":6}},"22":{"start":{"line":41,"column":6},"end":{"line":41,"column":59}},"23":{"start":{"line":45,"column":2},"end":{"line":45,"column":21}}},"fnMap":{"0":{"name":"useKeyboardNavigation","decl":{"start":{"line":5,"column":16},"end":{"line":5,"column":37}},"loc":{"start":{"line":5,"column":37},"end":{"line":46,"column":1}}},"1":{"name":"(anonymous_1)","decl":{"start":{"line":8,"column":12},"end":{"line":8,"column":15}},"loc":{"start":{"line":8,"column":17},"end":{"line":43,"column":3}}},"2":{"name":"(anonymous_2)","decl":{"start":{"line":9,"column":26},"end":{"line":9,"column":27}},"loc":{"start":{"line":9,"column":51},"end":{"line":36,"column":5}}},"3":{"name":"(anonymous_3)","decl":{"start":{"line":40,"column":11},"end":{"line":40,"column":14}},"loc":{"start":{"line":40,"column":16},"end":{"line":42,"column":5}}}},"branchMap":{"0":{"loc":{"start":{"line":12,"column":6},"end":{"line":35,"column":7}},"type":"if","locations":[{"start":{"line":12,"column":6},"end":{"line":35,"column":7}}]},"1":{"loc":{"start":{"line":12,"column":10},"end":{"line":12,"column":97}},"type":"binary-expr","locations":[{"start":{"line":12,"column":10},"end":{"line":12,"column":27}},{"start":{"line":12,"column":31},"end":{"line":12,"column":50}},{"start":{"line":12,"column":54},"end":{"line":12,"column":73}},{"start":{"line":12,"column":77},"end":{"line":12,"column":97}}]},"2":{"loc":{"start":{"line":18,"column":8},"end":{"line":18,"column":33}},"type":"if","locations":[{"start":{"line":18,"column":8},"end":{"line":18,"column":33}}]},"3":{"loc":{"start":{"line":22,"column":8},"end":{"line":28,"column":9}},"type":"if","locations":[{"start":{"line":22,"column":8},"end":{"line":28,"column":9}},{"start":{"line":24,"column":15},"end":{"line":28,"column":9}}]},"4":{"loc":{"start":{"line":22,"column":12},"end":{"line":22,"column":52}},"type":"binary-expr","locations":[{"start":{"line":22,"column":12},"end":{"line":22,"column":29}},{"start":{"line":22,"column":33},"end":{"line":22,"column":52}}]},"5":{"loc":{"start":{"line":23,"column":21},"end":{"line":23,"column":75}},"type":"cond-expr","locations":[{"start":{"line":23,"column":33},"end":{"line":23,"column":42}},{"start":{"line":23,"column":45},"end":{"line":23,"column":75}}]},"6":{"loc":{"start":{"line":24,"column":15},"end":{"line":28,"column":9}},"type":"if","locations":[{"start":{"line":24,"column":15},"end":{"line":28,"column":9}},{"start":{"line":26,"column":15},"end":{"line":28,"column":9}}]},"7":{"loc":{"start":{"line":24,"column":19},"end":{"line":24,"column":62}},"type":"binary-expr","locations":[{"start":{"line":24,"column":19},"end":{"line":24,"column":38}},{"start":{"line":24,"column":42},"end":{"line":24,"column":62}}]},"8":{"loc":{"start":{"line":25,"column":21},"end":{"line":25,"column":75}},"type":"cond-expr","locations":[{"start":{"line":25,"column":62},"end":{"line":25,"column":71}},{"start":{"line":25,"column":74},"end":{"line":25,"column":75}}]},"9":{"loc":{"start":{"line":32,"column":8},"end":{"line":34,"column":9}},"type":"if","locations":[{"start":{"line":32,"column":8},"end":{"line":34,"column":9}}]}},"s":{"0":1,"1":1,"2":26,"3":26,"4":13,"5":0,"6":0,"7":0,"8":0,"9":0,"10":0,"11":0,"12":0,"13":0,"14":0,"15":0,"16":0,"17":0,"18":0,"19":0,"20":13,"21":13,"22":13,"23":26},"f":{"0":26,"1":13,"2":0,"3":13},"b":{"0":[0],"1":[0,0,0,0],"2":[0],"3":[0,0],"4":[0,0],"5":[0,0],"6":[0,0],"7":[0,0],"8":[0,0],"9":[0]}}
}
