{"/home/jenkler/Desktop/FrontendMentor JS and TS/tip-calc-ts/src/App.tsx": {"path":"/home/jenkler/Desktop/FrontendMentor JS and TS/tip-calc-ts/src/App.tsx","statementMap":{"0":{"start":{"line":1,"column":0},"end":{"line":1,"column":57}},"1":{"start":{"line":2,"column":0},"end":{"line":2,"column":55}},"2":{"start":{"line":3,"column":0},"end":{"line":3,"column":70}},"3":{"start":{"line":4,"column":0},"end":{"line":4,"column":57}},"4":{"start":{"line":5,"column":0},"end":{"line":5,"column":55}},"5":{"start":{"line":8,"column":36},"end":{"line":8,"column":56}},"6":{"start":{"line":9,"column":26},"end":{"line":9,"column":46}},"7":{"start":{"line":10,"column":30},"end":{"line":10,"column":50}},"8":{"start":{"line":12,"column":22},"end":{"line":12,"column":45}},"9":{"start":{"line":14,"column":2},"end":{"line":18,"column":9}},"10":{"start":{"line":15,"column":4},"end":{"line":17,"column":5}},"11":{"start":{"line":16,"column":6},"end":{"line":16,"column":37}},"12":{"start":{"line":20,"column":22},"end":{"line":26,"column":3}},"13":{"start":{"line":21,"column":18},"end":{"line":21,"column":36}},"14":{"start":{"line":22,"column":24},"end":{"line":22,"column":37}},"15":{"start":{"line":23,"column":4},"end":{"line":25,"column":5}},"16":{"start":{"line":24,"column":6},"end":{"line":24,"column":26}},"17":{"start":{"line":28,"column":21},"end":{"line":30,"column":3}},"18":{"start":{"line":28,"column":38},"end":{"line":30,"column":3}},"19":{"start":{"line":29,"column":4},"end":{"line":29,"column":17}},"20":{"start":{"line":32,"column":20},"end":{"line":38,"column":3}},"21":{"start":{"line":33,"column":18},"end":{"line":33,"column":36}},"22":{"start":{"line":34,"column":24},"end":{"line":34,"column":37}},"23":{"start":{"line":35,"column":4},"end":{"line":37,"column":5}},"24":{"start":{"line":36,"column":6},"end":{"line":36,"column":21}},"25":{"start":{"line":40,"column":28},"end":{"line":46,"column":3}},"26":{"start":{"line":41,"column":18},"end":{"line":41,"column":36}},"27":{"start":{"line":42,"column":24},"end":{"line":42,"column":37}},"28":{"start":{"line":43,"column":4},"end":{"line":45,"column":5}},"29":{"start":{"line":44,"column":6},"end":{"line":44,"column":23}},"30":{"start":{"line":48,"column":22},"end":{"line":52,"column":3}},"31":{"start":{"line":49,"column":4},"end":{"line":49,"column":21}},"32":{"start":{"line":50,"column":4},"end":{"line":50,"column":18}},"33":{"start":{"line":51,"column":4},"end":{"line":51,"column":16}},"34":{"start":{"line":54,"column":23},"end":{"line":56,"column":3}},"35":{"start":{"line":55,"column":4},"end":{"line":55,"column":27}},"36":{"start":{"line":58,"column":2},"end":{"line":144,"column":4}},"37":{"start":{"line":69,"column":29},"end":{"line":69,"column":64}},"38":{"start":{"line":84,"column":35},"end":{"line":84,"column":70}},"39":{"start":{"line":85,"column":35},"end":{"line":85,"column":70}},"40":{"start":{"line":86,"column":35},"end":{"line":86,"column":70}},"41":{"start":{"line":87,"column":35},"end":{"line":87,"column":70}},"42":{"start":{"line":88,"column":35},"end":{"line":88,"column":70}},"43":{"start":{"line":90,"column":31},"end":{"line":90,"column":66}},"44":{"start":{"line":103,"column":29},"end":{"line":103,"column":64}},"45":{"start":{"line":140,"column":31},"end":{"line":140,"column":66}},"46":{"start":{"line":147,"column":0},"end":{"line":147,"column":19}}},"fnMap":{"0":{"name":"App","decl":{"start":{"line":7,"column":9},"end":{"line":7,"column":12}},"loc":{"start":{"line":7,"column":12},"end":{"line":145,"column":1}}},"1":{"name":"(anonymous_2)","decl":{"start":{"line":14,"column":12},"end":{"line":14,"column":15}},"loc":{"start":{"line":14,"column":17},"end":{"line":18,"column":3}}},"2":{"name":"(anonymous_3)","decl":{"start":{"line":20,"column":22},"end":{"line":20,"column":23}},"loc":{"start":{"line":20,"column":63},"end":{"line":26,"column":3}}},"3":{"name":"(anonymous_4)","decl":{"start":{"line":28,"column":21},"end":{"line":28,"column":22}},"loc":{"start":{"line":28,"column":38},"end":{"line":30,"column":3}}},"4":{"name":"(anonymous_5)","decl":{"start":{"line":28,"column":38},"end":{"line":28,"column":41}},"loc":{"start":{"line":28,"column":43},"end":{"line":30,"column":3}}},"5":{"name":"(anonymous_6)","decl":{"start":{"line":32,"column":20},"end":{"line":32,"column":21}},"loc":{"start":{"line":32,"column":61},"end":{"line":38,"column":3}}},"6":{"name":"(anonymous_7)","decl":{"start":{"line":40,"column":28},"end":{"line":40,"column":29}},"loc":{"start":{"line":40,"column":69},"end":{"line":46,"column":3}}},"7":{"name":"(anonymous_8)","decl":{"start":{"line":48,"column":22},"end":{"line":48,"column":25}},"loc":{"start":{"line":48,"column":27},"end":{"line":52,"column":3}}},"8":{"name":"(anonymous_9)","decl":{"start":{"line":54,"column":23},"end":{"line":54,"column":24}},"loc":{"start":{"line":54,"column":67},"end":{"line":56,"column":3}}},"9":{"name":"(anonymous_10)","decl":{"start":{"line":69,"column":21},"end":{"line":69,"column":22}},"loc":{"start":{"line":69,"column":29},"end":{"line":69,"column":64}}},"10":{"name":"(anonymous_11)","decl":{"start":{"line":84,"column":27},"end":{"line":84,"column":28}},"loc":{"start":{"line":84,"column":35},"end":{"line":84,"column":70}}},"11":{"name":"(anonymous_12)","decl":{"start":{"line":85,"column":27},"end":{"line":85,"column":28}},"loc":{"start":{"line":85,"column":35},"end":{"line":85,"column":70}}},"12":{"name":"(anonymous_13)","decl":{"start":{"line":86,"column":27},"end":{"line":86,"column":28}},"loc":{"start":{"line":86,"column":35},"end":{"line":86,"column":70}}},"13":{"name":"(anonymous_14)","decl":{"start":{"line":87,"column":27},"end":{"line":87,"column":28}},"loc":{"start":{"line":87,"column":35},"end":{"line":87,"column":70}}},"14":{"name":"(anonymous_15)","decl":{"start":{"line":88,"column":27},"end":{"line":88,"column":28}},"loc":{"start":{"line":88,"column":35},"end":{"line":88,"column":70}}},"15":{"name":"(anonymous_16)","decl":{"start":{"line":90,"column":23},"end":{"line":90,"column":24}},"loc":{"start":{"line":90,"column":31},"end":{"line":90,"column":66}}},"16":{"name":"(anonymous_17)","decl":{"start":{"line":103,"column":21},"end":{"line":103,"column":22}},"loc":{"start":{"line":103,"column":29},"end":{"line":103,"column":64}}},"17":{"name":"(anonymous_18)","decl":{"start":{"line":140,"column":23},"end":{"line":140,"column":24}},"loc":{"start":{"line":140,"column":31},"end":{"line":140,"column":66}}}},"branchMap":{"0":{"loc":{"start":{"line":15,"column":4},"end":{"line":17,"column":5}},"type":"if","locations":[{"start":{"line":15,"column":4},"end":{"line":17,"column":5}}]},"1":{"loc":{"start":{"line":23,"column":4},"end":{"line":25,"column":5}},"type":"if","locations":[{"start":{"line":23,"column":4},"end":{"line":25,"column":5}}]},"2":{"loc":{"start":{"line":23,"column":8},"end":{"line":23,"column":55}},"type":"binary-expr","locations":[{"start":{"line":23,"column":8},"end":{"line":23,"column":27}},{"start":{"line":23,"column":31},"end":{"line":23,"column":55}}]},"3":{"loc":{"start":{"line":35,"column":4},"end":{"line":37,"column":5}},"type":"if","locations":[{"start":{"line":35,"column":4},"end":{"line":37,"column":5}}]},"4":{"loc":{"start":{"line":43,"column":4},"end":{"line":45,"column":5}},"type":"if","locations":[{"start":{"line":43,"column":4},"end":{"line":45,"column":5}}]},"5":{"loc":{"start":{"line":69,"column":29},"end":{"line":69,"column":64}},"type":"binary-expr","locations":[{"start":{"line":69,"column":29},"end":{"line":69,"column":31}},{"start":{"line":69,"column":36},"end":{"line":69,"column":63}}]},"6":{"loc":{"start":{"line":84,"column":35},"end":{"line":84,"column":70}},"type":"binary-expr","locations":[{"start":{"line":84,"column":35},"end":{"line":84,"column":37}},{"start":{"line":84,"column":42},"end":{"line":84,"column":69}}]},"7":{"loc":{"start":{"line":85,"column":35},"end":{"line":85,"column":70}},"type":"binary-expr","locations":[{"start":{"line":85,"column":35},"end":{"line":85,"column":37}},{"start":{"line":85,"column":42},"end":{"line":85,"column":69}}]},"8":{"loc":{"start":{"line":86,"column":35},"end":{"line":86,"column":70}},"type":"binary-expr","locations":[{"start":{"line":86,"column":35},"end":{"line":86,"column":37}},{"start":{"line":86,"column":42},"end":{"line":86,"column":69}}]},"9":{"loc":{"start":{"line":87,"column":35},"end":{"line":87,"column":70}},"type":"binary-expr","locations":[{"start":{"line":87,"column":35},"end":{"line":87,"column":37}},{"start":{"line":87,"column":42},"end":{"line":87,"column":69}}]},"10":{"loc":{"start":{"line":88,"column":35},"end":{"line":88,"column":70}},"type":"binary-expr","locations":[{"start":{"line":88,"column":35},"end":{"line":88,"column":37}},{"start":{"line":88,"column":42},"end":{"line":88,"column":69}}]},"11":{"loc":{"start":{"line":90,"column":31},"end":{"line":90,"column":66}},"type":"binary-expr","locations":[{"start":{"line":90,"column":31},"end":{"line":90,"column":33}},{"start":{"line":90,"column":38},"end":{"line":90,"column":65}}]},"12":{"loc":{"start":{"line":103,"column":29},"end":{"line":103,"column":64}},"type":"binary-expr","locations":[{"start":{"line":103,"column":29},"end":{"line":103,"column":31}},{"start":{"line":103,"column":36},"end":{"line":103,"column":63}}]},"13":{"loc":{"start":{"line":123,"column":17},"end":{"line":123,"column":120}},"type":"cond-expr","locations":[{"start":{"line":123,"column":33},"end":{"line":123,"column":116}},{"start":{"line":123,"column":119},"end":{"line":123,"column":120}}]},"14":{"loc":{"start":{"line":135,"column":19},"end":{"line":135,"column":99}},"type":"cond-expr","locations":[{"start":{"line":135,"column":35},"end":{"line":135,"column":95}},{"start":{"line":135,"column":98},"end":{"line":135,"column":99}}]},"15":{"loc":{"start":{"line":140,"column":31},"end":{"line":140,"column":66}},"type":"binary-expr","locations":[{"start":{"line":140,"column":31},"end":{"line":140,"column":33}},{"start":{"line":140,"column":38},"end":{"line":140,"column":65}}]},"16":{"loc":{"start":{"line":140,"column":72},"end":{"line":140,"column":120}},"type":"cond-expr","locations":[{"start":{"line":140,"column":105},"end":{"line":140,"column":115}},{"start":{"line":140,"column":118},"end":{"line":140,"column":120}}]},"17":{"loc":{"start":{"line":140,"column":72},"end":{"line":140,"column":102}},"type":"binary-expr","locations":[{"start":{"line":140,"column":72},"end":{"line":140,"column":82}},{"start":{"line":140,"column":86},"end":{"line":140,"column":91}},{"start":{"line":140,"column":95},"end":{"line":140,"column":102}}]},"18":{"loc":{"start":{"line":140,"column":132},"end":{"line":140,"column":162}},"type":"binary-expr","locations":[{"start":{"line":140,"column":132},"end":{"line":140,"column":142}},{"start":{"line":140,"column":146},"end":{"line":140,"column":151}},{"start":{"line":140,"column":155},"end":{"line":140,"column":162}}]}},"s":{"0":1,"1":1,"2":1,"3":1,"4":1,"5":1,"6":1,"7":1,"8":1,"9":1,"10":1,"11":1,"12":1,"13":0,"14":0,"15":0,"16":0,"17":1,"18":5,"19":0,"20":1,"21":0,"22":0,"23":0,"24":0,"25":1,"26":0,"27":0,"28":0,"29":0,"30":1,"31":0,"32":0,"33":0,"34":1,"35":0,"36":1,"37":2,"38":2,"39":2,"40":2,"41":2,"42":2,"43":2,"44":2,"45":2,"46":1},"f":{"0":1,"1":1,"2":0,"3":5,"4":0,"5":0,"6":0,"7":0,"8":0,"9":2,"10":2,"11":2,"12":2,"13":2,"14":2,"15":2,"16":2,"17":2},"b":{"0":[1],"1":[0],"2":[0,0],"3":[0],"4":[0],"5":[2,1],"6":[2,1],"7":[2,1],"8":[2,1],"9":[2,1],"10":[2,1],"11":[2,1],"12":[2,1],"13":[0,1],"14":[0,1],"15":[2,1],"16":[1,0],"17":[1,1,1],"18":[1,1,1]}}
,"/home/jenkler/Desktop/FrontendMentor JS and TS/tip-calc-ts/src/hooks/useKeyboardNavigation.ts": {"path":"/home/jenkler/Desktop/FrontendMentor JS and TS/tip-calc-ts/src/hooks/useKeyboardNavigation.ts","statementMap":{"0":{"start":{"line":5,"column":0},"end":{"line":5,"column":16}},"1":{"start":{"line":1,"column":0},"end":{"line":1,"column":42}},"2":{"start":{"line":6,"column":22},"end":{"line":6,"column":52}},"3":{"start":{"line":8,"column":2},"end":{"line":43,"column":9}},"4":{"start":{"line":9,"column":26},"end":{"line":36,"column":5}},"5":{"start":{"line":10,"column":22},"end":{"line":10,"column":27}},"6":{"start":{"line":12,"column":6},"end":{"line":35,"column":7}},"7":{"start":{"line":13,"column":8},"end":{"line":13,"column":31}},"8":{"start":{"line":15,"column":31},"end":{"line":15,"column":68}},"9":{"start":{"line":16,"column":22},"end":{"line":16,"column":85}},"10":{"start":{"line":18,"column":8},"end":{"line":18,"column":33}},"11":{"start":{"line":18,"column":26},"end":{"line":18,"column":33}},"12":{"start":{"line":22,"column":8},"end":{"line":28,"column":9}},"13":{"start":{"line":23,"column":10},"end":{"line":23,"column":76}},"14":{"start":{"line":24,"column":15},"end":{"line":28,"column":9}},"15":{"start":{"line":25,"column":10},"end":{"line":25,"column":76}},"16":{"start":{"line":27,"column":10},"end":{"line":27,"column":17}},"17":{"start":{"line":30,"column":27},"end":{"line":30,"column":56}},"18":{"start":{"line":32,"column":8},"end":{"line":34,"column":9}},"19":{"start":{"line":33,"column":10},"end":{"line":33,"column":29}},"20":{"start":{"line":38,"column":4},"end":{"line":38,"column":54}},"21":{"start":{"line":40,"column":4},"end":{"line":42,"column":6}},"22":{"start":{"line":41,"column":6},"end":{"line":41,"column":59}},"23":{"start":{"line":45,"column":2},"end":{"line":45,"column":21}}},"fnMap":{"0":{"name":"useKeyboardNavigation","decl":{"start":{"line":5,"column":16},"end":{"line":5,"column":37}},"loc":{"start":{"line":5,"column":37},"end":{"line":46,"column":1}}},"1":{"name":"(anonymous_1)","decl":{"start":{"line":8,"column":12},"end":{"line":8,"column":15}},"loc":{"start":{"line":8,"column":17},"end":{"line":43,"column":3}}},"2":{"name":"(anonymous_2)","decl":{"start":{"line":9,"column":26},"end":{"line":9,"column":27}},"loc":{"start":{"line":9,"column":51},"end":{"line":36,"column":5}}},"3":{"name":"(anonymous_3)","decl":{"start":{"line":40,"column":11},"end":{"line":40,"column":14}},"loc":{"start":{"line":40,"column":16},"end":{"line":42,"column":5}}}},"branchMap":{"0":{"loc":{"start":{"line":12,"column":6},"end":{"line":35,"column":7}},"type":"if","locations":[{"start":{"line":12,"column":6},"end":{"line":35,"column":7}}]},"1":{"loc":{"start":{"line":12,"column":10},"end":{"line":12,"column":97}},"type":"binary-expr","locations":[{"start":{"line":12,"column":10},"end":{"line":12,"column":27}},{"start":{"line":12,"column":31},"end":{"line":12,"column":50}},{"start":{"line":12,"column":54},"end":{"line":12,"column":73}},{"start":{"line":12,"column":77},"end":{"line":12,"column":97}}]},"2":{"loc":{"start":{"line":18,"column":8},"end":{"line":18,"column":33}},"type":"if","locations":[{"start":{"line":18,"column":8},"end":{"line":18,"column":33}}]},"3":{"loc":{"start":{"line":22,"column":8},"end":{"line":28,"column":9}},"type":"if","locations":[{"start":{"line":22,"column":8},"end":{"line":28,"column":9}},{"start":{"line":24,"column":15},"end":{"line":28,"column":9}}]},"4":{"loc":{"start":{"line":22,"column":12},"end":{"line":22,"column":52}},"type":"binary-expr","locations":[{"start":{"line":22,"column":12},"end":{"line":22,"column":29}},{"start":{"line":22,"column":33},"end":{"line":22,"column":52}}]},"5":{"loc":{"start":{"line":23,"column":21},"end":{"line":23,"column":75}},"type":"cond-expr","locations":[{"start":{"line":23,"column":33},"end":{"line":23,"column":42}},{"start":{"line":23,"column":45},"end":{"line":23,"column":75}}]},"6":{"loc":{"start":{"line":24,"column":15},"end":{"line":28,"column":9}},"type":"if","locations":[{"start":{"line":24,"column":15},"end":{"line":28,"column":9}},{"start":{"line":26,"column":15},"end":{"line":28,"column":9}}]},"7":{"loc":{"start":{"line":24,"column":19},"end":{"line":24,"column":62}},"type":"binary-expr","locations":[{"start":{"line":24,"column":19},"end":{"line":24,"column":38}},{"start":{"line":24,"column":42},"end":{"line":24,"column":62}}]},"8":{"loc":{"start":{"line":25,"column":21},"end":{"line":25,"column":75}},"type":"cond-expr","locations":[{"start":{"line":25,"column":62},"end":{"line":25,"column":71}},{"start":{"line":25,"column":74},"end":{"line":25,"column":75}}]},"9":{"loc":{"start":{"line":32,"column":8},"end":{"line":34,"column":9}},"type":"if","locations":[{"start":{"line":32,"column":8},"end":{"line":34,"column":9}}]}},"s":{"0":1,"1":1,"2":1,"3":1,"4":1,"5":0,"6":0,"7":0,"8":0,"9":0,"10":0,"11":0,"12":0,"13":0,"14":0,"15":0,"16":0,"17":0,"18":0,"19":0,"20":1,"21":1,"22":1,"23":1},"f":{"0":1,"1":1,"2":0,"3":1},"b":{"0":[0],"1":[0,0,0,0],"2":[0],"3":[0,0],"4":[0,0],"5":[0,0],"6":[0,0],"7":[0,0],"8":[0,0],"9":[0]}}
}
