TN:
SF:src/App.tsx
FN:7,App
FN:14,(anonymous_2)
FN:20,(anonymous_3)
FN:28,(anonymous_4)
FN:28,(anonymous_5)
FN:32,(anonymous_6)
FN:40,(anonymous_7)
FN:48,(anonymous_8)
FN:57,(anonymous_9)
FN:65,(anonymous_10)
FN:81,(anonymous_11)
FN:82,(anonymous_12)
FN:83,(anonymous_13)
FN:84,(anonymous_14)
FN:85,(anonymous_15)
FN:87,(anonymous_16)
FN:100,(anonymous_17)
FN:138,(anonymous_18)
FNF:18
FNH:16
FNDA:28,App
FNDA:15,(anonymous_2)
FNDA:6,(anonymous_3)
FNDA:140,(anonymous_4)
FNDA:5,(anonymous_5)
FNDA:2,(anonymous_6)
FNDA:2,(anonymous_7)
FNDA:0,(anonymous_8)
FNDA:0,(anonymous_9)
FNDA:56,(anonymous_10)
FNDA:56,(anonymous_11)
FNDA:56,(anonymous_12)
FNDA:56,(anonymous_13)
FNDA:56,(anonymous_14)
FNDA:56,(anonymous_15)
FNDA:56,(anonymous_16)
FNDA:56,(anonymous_17)
FNDA:56,(anonymous_18)
DA:1,1
DA:2,1
DA:3,1
DA:4,1
DA:5,1
DA:8,28
DA:9,28
DA:10,28
DA:12,28
DA:14,28
DA:15,15
DA:16,15
DA:20,28
DA:21,6
DA:22,6
DA:23,6
DA:24,4
DA:28,140
DA:29,5
DA:32,28
DA:33,2
DA:34,2
DA:35,2
DA:36,2
DA:40,28
DA:41,2
DA:42,2
DA:43,2
DA:44,2
DA:48,28
DA:49,0
DA:50,0
DA:51,0
DA:54,28
DA:57,0
DA:65,56
DA:81,56
DA:82,56
DA:83,56
DA:84,56
DA:85,56
DA:87,56
DA:100,56
DA:138,56
DA:145,1
LF:45
LH:41
BRDA:15,0,0,15
BRDA:23,1,0,4
BRDA:23,2,0,6
BRDA:23,2,1,4
BRDA:35,3,0,2
BRDA:43,4,0,2
BRDA:65,5,0,56
BRDA:65,5,1,28
BRDA:81,6,0,56
BRDA:81,6,1,28
BRDA:82,7,0,56
BRDA:82,7,1,28
BRDA:83,8,0,56
BRDA:83,8,1,28
BRDA:84,9,0,56
BRDA:84,9,1,28
BRDA:85,10,0,56
BRDA:85,10,1,28
BRDA:87,11,0,56
BRDA:87,11,1,28
BRDA:100,12,0,56
BRDA:100,12,1,28
BRDA:121,13,0,2
BRDA:121,13,1,26
BRDA:133,14,0,2
BRDA:133,14,1,26
BRDA:133,15,0,28
BRDA:133,15,1,2
BRDA:133,15,2,2
BRDA:138,16,0,56
BRDA:138,16,1,28
BRDA:138,17,0,15
BRDA:138,17,1,13
BRDA:138,18,0,28
BRDA:138,18,1,22
BRDA:138,18,2,16
BRDA:138,19,0,28
BRDA:138,19,1,22
BRDA:138,19,2,16
BRF:39
BRH:39
end_of_record
TN:
SF:src/hooks/useKeyboardNavigation.ts
FN:5,useKeyboardNavigation
FN:8,(anonymous_1)
FN:9,(anonymous_2)
FN:40,(anonymous_3)
FNF:4
FNH:3
FNDA:28,useKeyboardNavigation
FNDA:15,(anonymous_1)
FNDA:0,(anonymous_2)
FNDA:15,(anonymous_3)
DA:1,1
DA:5,1
DA:6,28
DA:8,28
DA:9,15
DA:10,0
DA:12,0
DA:13,0
DA:15,0
DA:16,0
DA:18,0
DA:22,0
DA:23,0
DA:24,0
DA:25,0
DA:27,0
DA:30,0
DA:32,0
DA:33,0
DA:38,15
DA:40,15
DA:41,15
DA:45,28
LF:23
LH:9
BRDA:12,0,0,0
BRDA:12,1,0,0
BRDA:12,1,1,0
BRDA:12,1,2,0
BRDA:12,1,3,0
BRDA:18,2,0,0
BRDA:22,3,0,0
BRDA:22,3,1,0
BRDA:22,4,0,0
BRDA:22,4,1,0
BRDA:23,5,0,0
BRDA:23,5,1,0
BRDA:24,6,0,0
BRDA:24,6,1,0
BRDA:24,7,0,0
BRDA:24,7,1,0
BRDA:25,8,0,0
BRDA:25,8,1,0
BRDA:32,9,0,0
BRF:19
BRH:0
end_of_record
