TN:
SF:src/App.tsx
FN:7,App
FN:14,(anonymous_2)
FN:20,(anonymous_3)
FN:28,(anonymous_4)
FN:28,(anonymous_5)
FN:32,(anonymous_6)
FN:40,(anonymous_7)
FN:48,(anonymous_8)
FN:54,(anonymous_9)
FN:69,(anonymous_10)
FN:85,(anonymous_11)
FN:86,(anonymous_12)
FN:87,(anonymous_13)
FN:88,(anonymous_14)
FN:89,(anonymous_15)
FN:91,(anonymous_16)
FN:104,(anonymous_17)
FN:142,(anonymous_18)
FNF:18
FNH:16
FNDA:26,App
FNDA:13,(anonymous_2)
FNDA:6,(anonymous_3)
FNDA:130,(anonymous_4)
FNDA:5,(anonymous_5)
FNDA:2,(anonymous_6)
FNDA:2,(anonymous_7)
FNDA:0,(anonymous_8)
FNDA:0,(anonymous_9)
FNDA:52,(anonymous_10)
FNDA:52,(anonymous_11)
FNDA:52,(anonymous_12)
FNDA:52,(anonymous_13)
FNDA:52,(anonymous_14)
FNDA:52,(anonymous_15)
FNDA:52,(anonymous_16)
FNDA:52,(anonymous_17)
FNDA:52,(anonymous_18)
DA:1,1
DA:2,1
DA:3,1
DA:4,1
DA:5,1
DA:8,26
DA:9,26
DA:10,26
DA:12,26
DA:14,26
DA:15,13
DA:16,13
DA:20,26
DA:21,6
DA:22,6
DA:23,6
DA:24,4
DA:28,130
DA:29,5
DA:32,26
DA:33,2
DA:34,2
DA:35,2
DA:36,2
DA:40,26
DA:41,2
DA:42,2
DA:43,2
DA:44,2
DA:48,26
DA:49,0
DA:50,0
DA:51,0
DA:54,26
DA:55,0
DA:58,26
DA:69,52
DA:85,52
DA:86,52
DA:87,52
DA:88,52
DA:89,52
DA:91,52
DA:104,52
DA:142,52
DA:149,1
LF:46
LH:42
BRDA:15,0,0,13
BRDA:23,1,0,4
BRDA:23,2,0,6
BRDA:23,2,1,4
BRDA:35,3,0,2
BRDA:43,4,0,2
BRDA:69,5,0,52
BRDA:69,5,1,26
BRDA:85,6,0,52
BRDA:85,6,1,26
BRDA:86,7,0,52
BRDA:86,7,1,26
BRDA:87,8,0,52
BRDA:87,8,1,26
BRDA:88,9,0,52
BRDA:88,9,1,26
BRDA:89,10,0,52
BRDA:89,10,1,26
BRDA:91,11,0,52
BRDA:91,11,1,26
BRDA:104,12,0,52
BRDA:104,12,1,26
BRDA:125,13,0,2
BRDA:125,13,1,24
BRDA:137,14,0,2
BRDA:137,14,1,24
BRDA:137,15,0,26
BRDA:137,15,1,2
BRDA:137,15,2,2
BRDA:142,16,0,52
BRDA:142,16,1,26
BRDA:142,17,0,13
BRDA:142,17,1,13
BRDA:142,18,0,26
BRDA:142,18,1,20
BRDA:142,18,2,14
BRDA:142,19,0,26
BRDA:142,19,1,20
BRDA:142,19,2,14
BRF:39
BRH:39
end_of_record
TN:
SF:src/hooks/useKeyboardNavigation.ts
FN:5,useKeyboardNavigation
FN:8,(anonymous_1)
FN:9,(anonymous_2)
FN:40,(anonymous_3)
FNF:4
FNH:3
FNDA:26,useKeyboardNavigation
FNDA:13,(anonymous_1)
FNDA:0,(anonymous_2)
FNDA:13,(anonymous_3)
DA:1,1
DA:5,1
DA:6,26
DA:8,26
DA:9,13
DA:10,0
DA:12,0
DA:13,0
DA:15,0
DA:16,0
DA:18,0
DA:22,0
DA:23,0
DA:24,0
DA:25,0
DA:27,0
DA:30,0
DA:32,0
DA:33,0
DA:38,13
DA:40,13
DA:41,13
DA:45,26
LF:23
LH:9
BRDA:12,0,0,0
BRDA:12,1,0,0
BRDA:12,1,1,0
BRDA:12,1,2,0
BRDA:12,1,3,0
BRDA:18,2,0,0
BRDA:22,3,0,0
BRDA:22,3,1,0
BRDA:22,4,0,0
BRDA:22,4,1,0
BRDA:23,5,0,0
BRDA:23,5,1,0
BRDA:24,6,0,0
BRDA:24,6,1,0
BRDA:24,7,0,0
BRDA:24,7,1,0
BRDA:25,8,0,0
BRDA:25,8,1,0
BRDA:32,9,0,0
BRF:19
BRH:0
end_of_record
